<?xml version="1.0" encoding="UTF-8"?>
<coverage generated="1629379759979" clover="3.2.0">
  <project timestamp="1629379759979" name="All files">
    <metrics statements="59" coveredstatements="42" conditionals="4" coveredconditionals="0" methods="9" coveredmethods="3" elements="72" coveredelements="45" complexity="0" loc="59" ncloc="59" packages="4" files="7" classes="7"/>
    <package name="starter-code">
      <metrics statements="19" coveredstatements="17" conditionals="0" coveredconditionals="0" methods="3" coveredmethods="0"/>
      <file name="app.js" path="/home/noor/ASAC/basic-auth/starter-code/app.js">
        <metrics statements="6" coveredstatements="6" conditionals="0" coveredconditionals="0" methods="0" coveredmethods="0"/>
        <line num="5" count="1" type="stmt"/>
        <line num="6" count="1" type="stmt"/>
        <line num="7" count="1" type="stmt"/>
        <line num="9" count="1" type="stmt"/>
        <line num="10" count="1" type="stmt"/>
        <line num="12" count="1" type="stmt"/>
      </file>
      <file name="server.js" path="/home/noor/ASAC/basic-auth/starter-code/server.js">
        <metrics statements="13" coveredstatements="11" conditionals="0" coveredconditionals="0" methods="3" coveredmethods="0"/>
        <line num="3" count="1" type="stmt"/>
        <line num="4" count="1" type="stmt"/>
        <line num="5" count="1" type="stmt"/>
        <line num="7" count="1" type="stmt"/>
        <line num="8" count="1" type="stmt"/>
        <line num="11" count="1" type="stmt"/>
        <line num="12" count="1" type="stmt"/>
        <line num="16" count="1" type="stmt"/>
        <line num="17" count="1" type="stmt"/>
        <line num="18" count="0" type="stmt"/>
        <line num="20" count="1" type="stmt"/>
        <line num="21" count="0" type="stmt"/>
        <line num="24" count="1" type="stmt"/>
      </file>
    </package>
    <package name="starter-code.middlewares">
      <metrics statements="26" coveredstatements="12" conditionals="4" coveredconditionals="0" methods="3" coveredmethods="1"/>
      <file name="SiginUp.js" path="/home/noor/ASAC/basic-auth/starter-code/middlewares/SiginUp.js">
        <metrics statements="9" coveredstatements="8" conditionals="0" coveredconditionals="0" methods="1" coveredmethods="1"/>
        <line num="4" count="1" type="stmt"/>
        <line num="6" count="1" type="stmt"/>
        <line num="9" count="1" type="stmt"/>
        <line num="10" count="1" type="stmt"/>
        <line num="12" count="1" type="stmt"/>
        <line num="15" count="1" type="stmt"/>
        <line num="17" count="1" type="stmt"/>
        <line num="20" count="1" type="stmt"/>
        <line num="24" count="0" type="stmt"/>
      </file>
      <file name="SignIn.js" path="/home/noor/ASAC/basic-auth/starter-code/middlewares/SignIn.js">
        <metrics statements="17" coveredstatements="4" conditionals="4" coveredconditionals="0" methods="2" coveredmethods="0"/>
        <line num="4" count="1" type="stmt"/>
        <line num="5" count="1" type="stmt"/>
        <line num="7" count="1" type="stmt"/>
        <line num="9" count="1" type="stmt"/>
        <line num="11" count="0" type="cond" truecount="0" falsecount="2"/>
        <line num="13" count="0" type="stmt"/>
        <line num="15" count="0" type="stmt"/>
        <line num="17" count="0" type="stmt"/>
        <line num="19" count="0" type="stmt"/>
        <line num="20" count="0" type="stmt"/>
        <line num="22" count="0" type="stmt"/>
        <line num="23" count="0" type="stmt"/>
        <line num="24" count="0" type="cond" truecount="0" falsecount="2"/>
        <line num="25" count="0" type="stmt"/>
        <line num="27" count="0" type="stmt"/>
        <line num="30" count="0" type="stmt"/>
        <line num="32" count="0" type="stmt"/>
      </file>
    </package>
    <package name="starter-code.models">
      <metrics statements="2" coveredstatements="2" conditionals="0" coveredconditionals="0" methods="1" coveredmethods="1"/>
      <file name="Auth.js" path="/home/noor/ASAC/basic-auth/starter-code/models/Auth.js">
        <metrics statements="2" coveredstatements="2" conditionals="0" coveredconditionals="0" methods="1" coveredmethods="1"/>
        <line num="5" count="1" type="stmt"/>
        <line num="21" count="1" type="stmt"/>
      </file>
    </package>
    <package name="starter-code.routes">
      <metrics statements="12" coveredstatements="11" conditionals="0" coveredconditionals="0" methods="2" coveredmethods="1"/>
      <file name="SignUp.js" path="/home/noor/ASAC/basic-auth/starter-code/routes/SignUp.js">
        <metrics statements="6" coveredstatements="6" conditionals="0" coveredconditionals="0" methods="1" coveredmethods="1"/>
        <line num="5" count="1" type="stmt"/>
        <line num="7" count="1" type="stmt"/>
        <line num="9" count="1" type="stmt"/>
        <line num="11" count="1" type="stmt"/>
        <line num="12" count="1" type="stmt"/>
        <line num="16" count="1" type="stmt"/>
      </file>
      <file name="Signin.js" path="/home/noor/ASAC/basic-auth/starter-code/routes/Signin.js">
        <metrics statements="6" coveredstatements="5" conditionals="0" coveredconditionals="0" methods="1" coveredmethods="0"/>
        <line num="3" count="1" type="stmt"/>
        <line num="5" count="1" type="stmt"/>
        <line num="7" count="1" type="stmt"/>
        <line num="9" count="1" type="stmt"/>
        <line num="10" count="0" type="stmt"/>
        <line num="14" count="1" type="stmt"/>
      </file>
    </package>
  </project>
</coverage>
