{"/home/noor/ASAC/basic-auth/starter-code/app.js": {"path":"/home/noor/ASAC/basic-auth/starter-code/app.js","statementMap":{"0":{"start":{"line":5,"column":33},"end":{"line":5,"column":53}},"1":{"start":{"line":6,"column":21},"end":{"line":6,"column":53}},"2":{"start":{"line":7,"column":17},"end":{"line":7,"column":41}},"3":{"start":{"line":9,"column":16},"end":{"line":9,"column":47}},"4":{"start":{"line":10,"column":16},"end":{"line":10,"column":47}},"5":{"start":{"line":12,"column":0},"end":{"line":15,"column":1}}},"fnMap":{},"branchMap":{},"s":{"0":1,"1":1,"2":1,"3":1,"4":1,"5":1},"f":{},"b":{},"_coverageSchema":"1a1c01bbd47fc00a2c39e90264f33305004495a9","hash":"3fde1e2c74200d9c617ac93f6a184bcfed267fd9"}
,"/home/noor/ASAC/basic-auth/starter-code/server.js": {"path":"/home/noor/ASAC/basic-auth/starter-code/server.js","statementMap":{"0":{"start":{"line":3,"column":16},"end":{"line":3,"column":34}},"1":{"start":{"line":4,"column":12},"end":{"line":4,"column":21}},"2":{"start":{"line":5,"column":0},"end":{"line":5,"column":24}},"3":{"start":{"line":7,"column":19},"end":{"line":7,"column":45}},"4":{"start":{"line":8,"column":19},"end":{"line":8,"column":45}},"5":{"start":{"line":11,"column":0},"end":{"line":11,"column":20}},"6":{"start":{"line":12,"column":0},"end":{"line":12,"column":20}},"7":{"start":{"line":16,"column":0},"end":{"line":16,"column":48}},"8":{"start":{"line":17,"column":0},"end":{"line":19,"column":2}},"9":{"start":{"line":18,"column":4},"end":{"line":18,"column":21}},"10":{"start":{"line":20,"column":12},"end":{"line":22,"column":1}},"11":{"start":{"line":21,"column":4},"end":{"line":21,"column":69}},"12":{"start":{"line":21,"column":24},"end":{"line":21,"column":68}},"13":{"start":{"line":24,"column":0},"end":{"line":27,"column":1}}},"fnMap":{"0":{"name":"(anonymous_0)","decl":{"start":{"line":17,"column":12},"end":{"line":17,"column":13}},"loc":{"start":{"line":17,"column":23},"end":{"line":19,"column":1}},"line":17},"1":{"name":"(anonymous_1)","decl":{"start":{"line":20,"column":12},"end":{"line":20,"column":13}},"loc":{"start":{"line":20,"column":20},"end":{"line":22,"column":1}},"line":20},"2":{"name":"(anonymous_2)","decl":{"start":{"line":21,"column":20},"end":{"line":21,"column":21}},"loc":{"start":{"line":21,"column":24},"end":{"line":21,"column":68}},"line":21}},"branchMap":{},"s":{"0":1,"1":1,"2":1,"3":1,"4":1,"5":1,"6":1,"7":1,"8":1,"9":0,"10":1,"11":0,"12":0,"13":1},"f":{"0":0,"1":0,"2":0},"b":{},"_coverageSchema":"1a1c01bbd47fc00a2c39e90264f33305004495a9","hash":"4b3835e4e4b9364104f4aad1567d398c6c576161"}
,"/home/noor/ASAC/basic-auth/starter-code/middlewares/SiginUp.js": {"path":"/home/noor/ASAC/basic-auth/starter-code/middlewares/SiginUp.js","statementMap":{"0":{"start":{"line":4,"column":15},"end":{"line":4,"column":32}},"1":{"start":{"line":6,"column":20},"end":{"line":6,"column":37}},"2":{"start":{"line":9,"column":0},"end":{"line":28,"column":1}},"3":{"start":{"line":10,"column":0},"end":{"line":10,"column":21}},"4":{"start":{"line":12,"column":4},"end":{"line":26,"column":5}},"5":{"start":{"line":15,"column":8},"end":{"line":15,"column":69}},"6":{"start":{"line":17,"column":5},"end":{"line":17,"column":49}},"7":{"start":{"line":20,"column":8},"end":{"line":20,"column":15}},"8":{"start":{"line":24,"column":8},"end":{"line":24,"column":33}}},"fnMap":{"0":{"name":"(anonymous_0)","decl":{"start":{"line":9,"column":17},"end":{"line":9,"column":18}},"loc":{"start":{"line":9,"column":43},"end":{"line":28,"column":1}},"line":9}},"branchMap":{},"s":{"0":1,"1":1,"2":1,"3":1,"4":1,"5":1,"6":1,"7":1,"8":0},"f":{"0":1},"b":{},"_coverageSchema":"1a1c01bbd47fc00a2c39e90264f33305004495a9","hash":"ce2e5b16c3d652a3661b399e4ca71263b9288172"}
,"/home/noor/ASAC/basic-auth/starter-code/middlewares/SignIn.js": {"path":"/home/noor/ASAC/basic-auth/starter-code/middlewares/SignIn.js","statementMap":{"0":{"start":{"line":4,"column":15},"end":{"line":4,"column":32}},"1":{"start":{"line":5,"column":15},"end":{"line":5,"column":33}},"2":{"start":{"line":7,"column":20},"end":{"line":7,"column":37}},"3":{"start":{"line":9,"column":0},"end":{"line":34,"column":3}},"4":{"start":{"line":11,"column":4},"end":{"line":13,"column":28}},"5":{"start":{"line":13,"column":6},"end":{"line":13,"column":26}},"6":{"start":{"line":15,"column":29},"end":{"line":15,"column":71}},"7":{"start":{"line":17,"column":33},"end":{"line":17,"column":75}},"8":{"start":{"line":19,"column":6},"end":{"line":30,"column":32}},"9":{"start":{"line":20,"column":23},"end":{"line":20,"column":70}},"10":{"start":{"line":22,"column":24},"end":{"line":22,"column":69}},"11":{"start":{"line":23,"column":10},"end":{"line":23,"column":26}},"12":{"start":{"line":24,"column":10},"end":{"line":27,"column":48}},"13":{"start":{"line":25,"column":10},"end":{"line":25,"column":16}},"14":{"start":{"line":27,"column":11},"end":{"line":27,"column":48}},"15":{"start":{"line":30,"column":7},"end":{"line":30,"column":30}},"16":{"start":{"line":32,"column":6},"end":{"line":32,"column":44}}},"fnMap":{"0":{"name":"(anonymous_0)","decl":{"start":{"line":9,"column":17},"end":{"line":9,"column":18}},"loc":{"start":{"line":9,"column":39},"end":{"line":34,"column":3}},"line":9},"1":{"name":"_authError","decl":{"start":{"line":31,"column":13},"end":{"line":31,"column":23}},"loc":{"start":{"line":31,"column":26},"end":{"line":33,"column":5}},"line":31}},"branchMap":{"0":{"loc":{"start":{"line":11,"column":4},"end":{"line":13,"column":28}},"type":"if","locations":[{"start":{"line":11,"column":4},"end":{"line":13,"column":28}},{"start":{"line":11,"column":4},"end":{"line":13,"column":28}}],"line":11},"1":{"loc":{"start":{"line":24,"column":10},"end":{"line":27,"column":48}},"type":"if","locations":[{"start":{"line":24,"column":10},"end":{"line":27,"column":48}},{"start":{"line":24,"column":10},"end":{"line":27,"column":48}}],"line":24}},"s":{"0":1,"1":1,"2":1,"3":1,"4":0,"5":0,"6":0,"7":0,"8":0,"9":0,"10":0,"11":0,"12":0,"13":0,"14":0,"15":0,"16":0},"f":{"0":0,"1":0},"b":{"0":[0,0],"1":[0,0]},"_coverageSchema":"1a1c01bbd47fc00a2c39e90264f33305004495a9","hash":"1afdfa9232651bc5c0a13a179745bf7ab1b33ede"}
,"/home/noor/ASAC/basic-auth/starter-code/models/Auth.js": {"path":"/home/noor/ASAC/basic-auth/starter-code/models/Auth.js","statementMap":{"0":{"start":{"line":5,"column":18},"end":{"line":17,"column":2}},"1":{"start":{"line":5,"column":44},"end":{"line":17,"column":2}},"2":{"start":{"line":21,"column":0},"end":{"line":21,"column":25}}},"fnMap":{"0":{"name":"(anonymous_0)","decl":{"start":{"line":5,"column":18},"end":{"line":5,"column":19}},"loc":{"start":{"line":5,"column":44},"end":{"line":17,"column":2}},"line":5}},"branchMap":{},"s":{"0":1,"1":1,"2":1},"f":{"0":1},"b":{},"_coverageSchema":"1a1c01bbd47fc00a2c39e90264f33305004495a9","hash":"1bbc945698597ac583752502828ee930cac8fdb5"}
,"/home/noor/ASAC/basic-auth/starter-code/routes/SignUp.js": {"path":"/home/noor/ASAC/basic-auth/starter-code/routes/SignUp.js","statementMap":{"0":{"start":{"line":5,"column":16},"end":{"line":5,"column":34}},"1":{"start":{"line":7,"column":13},"end":{"line":7,"column":29}},"2":{"start":{"line":9,"column":13},"end":{"line":9,"column":46}},"3":{"start":{"line":11,"column":0},"end":{"line":14,"column":3}},"4":{"start":{"line":12,"column":0},"end":{"line":12,"column":33}},"5":{"start":{"line":16,"column":0},"end":{"line":16,"column":21}}},"fnMap":{"0":{"name":"(anonymous_0)","decl":{"start":{"line":11,"column":29},"end":{"line":11,"column":30}},"loc":{"start":{"line":11,"column":40},"end":{"line":14,"column":1}},"line":11}},"branchMap":{},"s":{"0":1,"1":1,"2":1,"3":1,"4":1,"5":1},"f":{"0":1},"b":{},"_coverageSchema":"1a1c01bbd47fc00a2c39e90264f33305004495a9","hash":"a5159ca6c29fbda73e2e51d2570981e7c2aca83e"}
,"/home/noor/ASAC/basic-auth/starter-code/routes/Signin.js": {"path":"/home/noor/ASAC/basic-auth/starter-code/routes/Signin.js","statementMap":{"0":{"start":{"line":3,"column":16},"end":{"line":3,"column":34}},"1":{"start":{"line":5,"column":13},"end":{"line":5,"column":29}},"2":{"start":{"line":7,"column":15},"end":{"line":7,"column":47}},"3":{"start":{"line":9,"column":0},"end":{"line":12,"column":3}},"4":{"start":{"line":10,"column":0},"end":{"line":10,"column":31}},"5":{"start":{"line":14,"column":0},"end":{"line":14,"column":21}}},"fnMap":{"0":{"name":"(anonymous_0)","decl":{"start":{"line":9,"column":31},"end":{"line":9,"column":32}},"loc":{"start":{"line":9,"column":42},"end":{"line":12,"column":1}},"line":9}},"branchMap":{},"s":{"0":1,"1":1,"2":1,"3":1,"4":0,"5":1},"f":{"0":0},"b":{},"_coverageSchema":"1a1c01bbd47fc00a2c39e90264f33305004495a9","hash":"f509353545e2df406117b075bfad31d851c0a522"}
}
