{"/home/noor/ASAC/basic-auth/starter-code/server.js": {"path":"/home/noor/ASAC/basic-auth/starter-code/server.js","statementMap":{"0":{"start":{"line":4,"column":16},"end":{"line":4,"column":34}},"1":{"start":{"line":5,"column":18},"end":{"line":5,"column":42}},"2":{"start":{"line":7,"column":19},"end":{"line":7,"column":45}},"3":{"start":{"line":8,"column":16},"end":{"line":8,"column":42}},"4":{"start":{"line":11,"column":12},"end":{"line":11,"column":21}},"5":{"start":{"line":12,"column":0},"end":{"line":12,"column":24}},"6":{"start":{"line":13,"column":0},"end":{"line":13,"column":48}},"7":{"start":{"line":15,"column":0},"end":{"line":15,"column":20}},"8":{"start":{"line":16,"column":0},"end":{"line":16,"column":17}},"9":{"start":{"line":19,"column":4},"end":{"line":19,"column":73}},"10":{"start":{"line":19,"column":26},"end":{"line":19,"column":72}},"11":{"start":{"line":22,"column":0},"end":{"line":25,"column":1}}},"fnMap":{"0":{"name":"start","decl":{"start":{"line":18,"column":9},"end":{"line":18,"column":14}},"loc":{"start":{"line":18,"column":21},"end":{"line":20,"column":1}},"line":18},"1":{"name":"(anonymous_1)","decl":{"start":{"line":19,"column":21},"end":{"line":19,"column":22}},"loc":{"start":{"line":19,"column":26},"end":{"line":19,"column":72}},"line":19}},"branchMap":{},"s":{"0":1,"1":1,"2":1,"3":1,"4":1,"5":1,"6":1,"7":1,"8":1,"9":0,"10":0,"11":1},"f":{"0":0,"1":0},"b":{},"_coverageSchema":"1a1c01bbd47fc00a2c39e90264f33305004495a9","hash":"85bd31a8b927b63c662fc11aed62e7ffafae3509"}
,"/home/noor/ASAC/basic-auth/starter-code/middlewares/SignIn.js": {"path":"/home/noor/ASAC/basic-auth/starter-code/middlewares/SignIn.js","statementMap":{"0":{"start":{"line":4,"column":15},"end":{"line":4,"column":32}},"1":{"start":{"line":5,"column":15},"end":{"line":5,"column":33}},"2":{"start":{"line":6,"column":18},"end":{"line":6,"column":43}},"3":{"start":{"line":9,"column":0},"end":{"line":45,"column":1}},"4":{"start":{"line":11,"column":4},"end":{"line":43,"column":5}},"5":{"start":{"line":14,"column":31},"end":{"line":14,"column":67}},"6":{"start":{"line":17,"column":28},"end":{"line":17,"column":50}},"7":{"start":{"line":19,"column":28},"end":{"line":19,"column":56}},"8":{"start":{"line":21,"column":35},"end":{"line":21,"column":59}},"9":{"start":{"line":23,"column":8},"end":{"line":40,"column":9}},"10":{"start":{"line":24,"column":25},"end":{"line":24,"column":83}},"11":{"start":{"line":26,"column":26},"end":{"line":26,"column":71}},"12":{"start":{"line":28,"column":12},"end":{"line":36,"column":13}},"13":{"start":{"line":30,"column":16},"end":{"line":30,"column":26}},"14":{"start":{"line":35,"column":16},"end":{"line":35,"column":53}},"15":{"start":{"line":39,"column":12},"end":{"line":39,"column":34}}},"fnMap":{"0":{"name":"(anonymous_0)","decl":{"start":{"line":9,"column":17},"end":{"line":9,"column":18}},"loc":{"start":{"line":9,"column":43},"end":{"line":45,"column":1}},"line":9}},"branchMap":{"0":{"loc":{"start":{"line":11,"column":4},"end":{"line":43,"column":5}},"type":"if","locations":[{"start":{"line":11,"column":4},"end":{"line":43,"column":5}},{"start":{"line":11,"column":4},"end":{"line":43,"column":5}}],"line":11},"1":{"loc":{"start":{"line":28,"column":12},"end":{"line":36,"column":13}},"type":"if","locations":[{"start":{"line":28,"column":12},"end":{"line":36,"column":13}},{"start":{"line":28,"column":12},"end":{"line":36,"column":13}}],"line":28}},"s":{"0":1,"1":1,"2":1,"3":1,"4":1,"5":0,"6":0,"7":0,"8":0,"9":0,"10":0,"11":0,"12":0,"13":0,"14":0,"15":0},"f":{"0":1},"b":{"0":[0,1],"1":[0,0]},"_coverageSchema":"1a1c01bbd47fc00a2c39e90264f33305004495a9","hash":"18250c21821c33318f53d8eb3adc8cb35ff403ea"}
,"/home/noor/ASAC/basic-auth/starter-code/models/Auth.js": {"path":"/home/noor/ASAC/basic-auth/starter-code/models/Auth.js","statementMap":{"0":{"start":{"line":5,"column":18},"end":{"line":17,"column":2}},"1":{"start":{"line":5,"column":44},"end":{"line":17,"column":2}},"2":{"start":{"line":21,"column":0},"end":{"line":21,"column":25}}},"fnMap":{"0":{"name":"(anonymous_0)","decl":{"start":{"line":5,"column":18},"end":{"line":5,"column":19}},"loc":{"start":{"line":5,"column":44},"end":{"line":17,"column":2}},"line":5}},"branchMap":{},"s":{"0":1,"1":0,"2":1},"f":{"0":0},"b":{},"_coverageSchema":"1a1c01bbd47fc00a2c39e90264f33305004495a9","hash":"1bbc945698597ac583752502828ee930cac8fdb5"}
,"/home/noor/ASAC/basic-auth/starter-code/routes/SignUp.js": {"path":"/home/noor/ASAC/basic-auth/starter-code/routes/SignUp.js","statementMap":{"0":{"start":{"line":5,"column":16},"end":{"line":5,"column":34}},"1":{"start":{"line":7,"column":13},"end":{"line":7,"column":29}},"2":{"start":{"line":9,"column":13},"end":{"line":9,"column":45}},"3":{"start":{"line":11,"column":0},"end":{"line":14,"column":3}},"4":{"start":{"line":12,"column":0},"end":{"line":12,"column":29}},"5":{"start":{"line":16,"column":0},"end":{"line":16,"column":21}}},"fnMap":{"0":{"name":"(anonymous_0)","decl":{"start":{"line":11,"column":29},"end":{"line":11,"column":30}},"loc":{"start":{"line":11,"column":40},"end":{"line":14,"column":1}},"line":11}},"branchMap":{},"s":{"0":1,"1":1,"2":1,"3":1,"4":0,"5":1},"f":{"0":0},"b":{},"_coverageSchema":"1a1c01bbd47fc00a2c39e90264f33305004495a9","hash":"b9306f996213dc090d4f5f775559f74e86f99dce"}
,"/home/noor/ASAC/basic-auth/starter-code/routes/Signin.js": {"path":"/home/noor/ASAC/basic-auth/starter-code/routes/Signin.js","statementMap":{"0":{"start":{"line":3,"column":16},"end":{"line":3,"column":34}},"1":{"start":{"line":5,"column":13},"end":{"line":5,"column":29}},"2":{"start":{"line":7,"column":15},"end":{"line":7,"column":47}},"3":{"start":{"line":9,"column":0},"end":{"line":12,"column":3}},"4":{"start":{"line":10,"column":0},"end":{"line":10,"column":27}},"5":{"start":{"line":14,"column":0},"end":{"line":14,"column":21}}},"fnMap":{"0":{"name":"(anonymous_0)","decl":{"start":{"line":9,"column":30},"end":{"line":9,"column":31}},"loc":{"start":{"line":9,"column":41},"end":{"line":12,"column":1}},"line":9}},"branchMap":{},"s":{"0":1,"1":1,"2":1,"3":1,"4":0,"5":1},"f":{"0":0},"b":{},"_coverageSchema":"1a1c01bbd47fc00a2c39e90264f33305004495a9","hash":"275e596bb468b4b497506ac24ddc0207ed49d0b7"}
}
